\BOOKMARK [1][-]{section.1}{INTRODUCTION}{}% 1
\BOOKMARK [2][-]{subsection.1.1}{Description of the given problem}{section.1}% 2
\BOOKMARK [2][-]{subsection.1.2}{Actors}{section.1}% 3
\BOOKMARK [2][-]{subsection.1.3}{Goals}{section.1}% 4
\BOOKMARK [2][-]{subsection.1.4}{Glossary}{section.1}% 5
\BOOKMARK [2][-]{subsection.1.5}{Domain Properties}{section.1}% 6
\BOOKMARK [2][-]{subsection.1.6}{Assumptions}{section.1}% 7
\BOOKMARK [2][-]{subsection.1.7}{Identifying Stakeholders}{section.1}% 8
\BOOKMARK [2][-]{subsection.1.8}{Proposed System}{section.1}% 9
\BOOKMARK [2][-]{subsection.1.9}{Future Possible Implementation}{section.1}% 10
\BOOKMARK [1][-]{section.2}{REQUIREMENTS}{}% 11
\BOOKMARK [2][-]{subsection.2.1}{Functional Requirements}{section.2}% 12
\BOOKMARK [2][-]{subsection.2.2}{Non Functional Requirements}{section.2}% 13
\BOOKMARK [3][-]{subsubsection.2.2.1}{Performance Requirements}{subsection.2.2}% 14
\BOOKMARK [3][-]{subsubsection.2.2.2}{Software System Characteristics}{subsection.2.2}% 15
\BOOKMARK [3][-]{subsubsection.2.2.3}{Data integrity, consistency and availability}{subsection.2.2}% 16
\BOOKMARK [1][-]{section.3}{SCENARIO IDENTYFING}{}% 17
\BOOKMARK [1][-]{section.4}{UML MODELS}{}% 18
\BOOKMARK [2][-]{subsection.4.1}{Use case diagram}{section.4}% 19
\BOOKMARK [2][-]{subsection.4.2}{Use case Description}{section.4}% 20
\BOOKMARK [2][-]{subsection.4.3}{Class Diagram}{section.4}% 21
\BOOKMARK [1][-]{section.5}{ALLOY MODELLING}{}% 22
\BOOKMARK [2][-]{subsection.5.1}{Alloy Code}{section.5}% 23
\BOOKMARK [2][-]{subsection.5.2}{Alloy Worlds}{section.5}% 24
\BOOKMARK [2][-]{subsection.5.3}{non so cosa sia ahahahalloy}{section.5}% 25
\BOOKMARK [1][-]{section.6}{USED TOOLS}{}% 26
