<<<<<<< HEAD
This is pdfTeX, Version 3.14159265-2.6-1.40.16 (MiKTeX 2.9) (preloaded format=pdflatex 2015.10.22)  6 NOV 2015 15:21
=======
This is pdfTeX, Version 3.14159265-2.6-1.40.15 (MiKTeX 2.9 64-bit) (preloaded format=pdflatex 2015.10.22)  6 NOV 2015 15:14
>>>>>>> origin/master
entering extended mode
**Rasd.tex
(Rasd.tex
LaTeX2e <2015/01/01> patch level 2
Babel <3.9m> and hyphenation patterns for 69 languages loaded.
("C:\Program Files (x86)\MiKTeX 2.9\tex\latex\base\article.cls"
Document Class: article 2014/09/29 v1.4h Standard LaTeX document class
("C:\Program Files (x86)\MiKTeX 2.9\tex\latex\base\size12.clo"
File: size12.clo 2014/09/29 v1.4h Standard LaTeX file (size option)
)
\c@part=\count79
\c@section=\count80
\c@subsection=\count81
\c@subsubsection=\count82
\c@paragraph=\count83
\c@subparagraph=\count84
\c@figure=\count85
\c@table=\count86
\abovecaptionskip=\skip41
\belowcaptionskip=\skip42
\bibindent=\dimen102
)
("C:\Program Files (x86)\MiKTeX 2.9\tex\latex\graphics\graphicx.sty"
Package: graphicx 2014/10/28 v1.0g Enhanced LaTeX Graphics (DPC,SPQR)

("C:\Program Files (x86)\MiKTeX 2.9\tex\latex\graphics\keyval.sty"
Package: keyval 2014/10/28 v1.15 key=value parser (DPC)
\KV@toks@=\toks14
)
("C:\Program Files (x86)\MiKTeX 2.9\tex\latex\graphics\graphics.sty"
Package: graphics 2014/10/28 v1.0p Standard LaTeX Graphics (DPC,SPQR)

("C:\Program Files (x86)\MiKTeX 2.9\tex\latex\graphics\trig.sty"
Package: trig 1999/03/16 v1.09 sin cos tan (DPC)
)
("C:\Program Files (x86)\MiKTeX 2.9\tex\latex\00miktex\graphics.cfg"
File: graphics.cfg 2007/01/18 v1.5 graphics configuration of teTeX/TeXLive
)
Package graphics Info: Driver file: pdftex.def on input line 94.

("C:\Program Files (x86)\MiKTeX 2.9\tex\latex\pdftex-def\pdftex.def"
File: pdftex.def 2011/05/27 v0.06d Graphics/color for pdfTeX

("C:\Program Files (x86)\MiKTeX 2.9\tex\generic\oberdiek\infwarerr.sty"
Package: infwarerr 2010/04/08 v1.3 Providing info/warning/error messages (HO)
)
("C:\Program Files (x86)\MiKTeX 2.9\tex\generic\oberdiek\ltxcmds.sty"
Package: ltxcmds 2011/11/09 v1.22 LaTeX kernel commands for general use (HO)
)
\Gread@gobject=\count87
))
\Gin@req@height=\dimen103
\Gin@req@width=\dimen104
)
("C:\Program Files (x86)\MiKTeX 2.9\tex\latex\titlesec\titlesec.sty"
Package: titlesec 2011/12/15 v2.10.0 Sectioning titles
\ttl@box=\box26
\beforetitleunit=\skip43
\aftertitleunit=\skip44
\ttl@plus=\dimen105
\ttl@minus=\dimen106
\ttl@toksa=\toks15
\titlewidth=\dimen107
\titlewidthlast=\dimen108
\titlewidthfirst=\dimen109
)
("C:\Program Files (x86)\MiKTeX 2.9\tex\latex\hyperref\hyperref.sty"
Package: hyperref 2012/11/06 v6.83m Hypertext links for LaTeX

("C:\Program Files (x86)\MiKTeX 2.9\tex\generic\oberdiek\hobsub-hyperref.sty"
Package: hobsub-hyperref 2012/04/25 v1.12 Bundle oberdiek, subset hyperref (HO)


("C:\Program Files (x86)\MiKTeX 2.9\tex\generic\oberdiek\hobsub-generic.sty"
Package: hobsub-generic 2012/04/25 v1.12 Bundle oberdiek, subset generic (HO)
Package: hobsub 2012/04/25 v1.12 Construct package bundles (HO)
Package hobsub Info: Skipping package `infwarerr' (already loaded).
Package hobsub Info: Skipping package `ltxcmds' (already loaded).
Package: ifluatex 2010/03/01 v1.3 Provides the ifluatex switch (HO)
Package ifluatex Info: LuaTeX not detected.
Package: ifvtex 2010/03/01 v1.5 Detect VTeX and its facilities (HO)
Package ifvtex Info: VTeX not detected.
Package: intcalc 2007/09/27 v1.1 Expandable calculations with integers (HO)
Package: ifpdf 2011/01/30 v2.3 Provides the ifpdf switch (HO)
Package ifpdf Info: pdfTeX in PDF mode is detected.
Package: etexcmds 2011/02/16 v1.5 Avoid name clashes with e-TeX commands (HO)
Package etexcmds Info: Could not find \expanded.
(etexcmds)             That can mean that you are not using pdfTeX 1.50 or
(etexcmds)             that some package has redefined \expanded.
(etexcmds)             In the latter case, load this package earlier.
Package: kvsetkeys 2012/04/25 v1.16 Key value parser (HO)
Package: kvdefinekeys 2011/04/07 v1.3 Define keys (HO)
Package: pdftexcmds 2011/11/29 v0.20 Utility functions of pdfTeX for LuaTeX (HO
)
Package pdftexcmds Info: LuaTeX not detected.
Package pdftexcmds Info: \pdf@primitive is available.
Package pdftexcmds Info: \pdf@ifprimitive is available.
Package pdftexcmds Info: \pdfdraftmode found.
Package: pdfescape 2011/11/25 v1.13 Implements pdfTeX's escape features (HO)
Package: bigintcalc 2012/04/08 v1.3 Expandable calculations on big integers (HO
)
Package: bitset 2011/01/30 v1.1 Handle bit-vector datatype (HO)
Package: uniquecounter 2011/01/30 v1.2 Provide unlimited unique counter (HO)
)
Package hobsub Info: Skipping package `hobsub' (already loaded).
Package: letltxmacro 2010/09/02 v1.4 Let assignment for LaTeX macros (HO)
Package: hopatch 2011/06/24 v1.1 Wrapper for package hooks (HO)
Package: xcolor-patch 2011/01/30 xcolor patch
Package: atveryend 2011/06/30 v1.8 Hooks at the very end of document (HO)
Package atveryend Info: \enddocument detected (standard20110627).
Package: atbegshi 2011/10/05 v1.16 At begin shipout hook (HO)
Package: refcount 2011/10/16 v3.4 Data extraction from label references (HO)
Package: hycolor 2011/01/30 v1.7 Color options for hyperref/bookmark (HO)
)
("C:\Program Files (x86)\MiKTeX 2.9\tex\generic\ifxetex\ifxetex.sty"
Package: ifxetex 2010/09/12 v0.6 Provides ifxetex conditional
)
("C:\Program Files (x86)\MiKTeX 2.9\tex\latex\oberdiek\auxhook.sty"
Package: auxhook 2011/03/04 v1.3 Hooks for auxiliary files (HO)
)
("C:\Program Files (x86)\MiKTeX 2.9\tex\latex\oberdiek\kvoptions.sty"
Package: kvoptions 2011/06/30 v3.11 Key value format for package options (HO)
)
\@linkdim=\dimen110
\Hy@linkcounter=\count88
\Hy@pagecounter=\count89

("C:\Program Files (x86)\MiKTeX 2.9\tex\latex\hyperref\pd1enc.def"
File: pd1enc.def 2012/11/06 v6.83m Hyperref: PDFDocEncoding definition (HO)
)
\Hy@SavedSpaceFactor=\count90

("C:\Program Files (x86)\MiKTeX 2.9\tex\latex\00miktex\hyperref.cfg"
File: hyperref.cfg 2002/06/06 v1.2 hyperref configuration of TeXLive
)
Package hyperref Info: Hyper figures OFF on input line 4443.
Package hyperref Info: Link nesting OFF on input line 4448.
Package hyperref Info: Hyper index ON on input line 4451.
Package hyperref Info: Plain pages OFF on input line 4458.
Package hyperref Info: Backreferencing OFF on input line 4463.
Package hyperref Info: Implicit mode ON; LaTeX internals redefined.
Package hyperref Info: Bookmarks ON on input line 4688.
\c@Hy@tempcnt=\count91

("C:\Program Files (x86)\MiKTeX 2.9\tex\latex\url\url.sty"
\Urlmuskip=\muskip10
Package: url 2013/09/16  ver 3.4  Verb mode for urls, etc.
)
LaTeX Info: Redefining \url on input line 5041.
\XeTeXLinkMargin=\dimen111
\Fld@menulength=\count92
\Field@Width=\dimen112
\Fld@charsize=\dimen113
Package hyperref Info: Hyper figures OFF on input line 6295.
Package hyperref Info: Link nesting OFF on input line 6300.
Package hyperref Info: Hyper index ON on input line 6303.
Package hyperref Info: backreferencing OFF on input line 6310.
Package hyperref Info: Link coloring OFF on input line 6315.
Package hyperref Info: Link coloring with OCG OFF on input line 6320.
Package hyperref Info: PDF/A mode OFF on input line 6325.
LaTeX Info: Redefining \ref on input line 6365.
LaTeX Info: Redefining \pageref on input line 6369.
\Hy@abspage=\count93
\c@Item=\count94
\c@Hfootnote=\count95
)

Package hyperref Message: Driver (autodetected): hpdftex.

("C:\Program Files (x86)\MiKTeX 2.9\tex\latex\hyperref\hpdftex.def"
File: hpdftex.def 2012/11/06 v6.83m Hyperref driver for pdfTeX
\Fld@listcount=\count96
\c@bookmark@seq@number=\count97

("C:\Program Files (x86)\MiKTeX 2.9\tex\latex\oberdiek\rerunfilecheck.sty"
Package: rerunfilecheck 2011/04/15 v1.7 Rerun checks for auxiliary files (HO)
Package uniquecounter Info: New unique counter `rerunfilecheck' on input line 2
82.
)
\Hy@SectionHShift=\skip45
)
Package hyperref Info: Option `colorlinks' set `true' on input line 12.

(Rasd.aux (introduction.aux) (Overall_description.aux) (requirements.aux)
(scenario.aux) (uml.aux) (alloy.aux) (appendix.aux))
LaTeX Font Info:    Checking defaults for OML/cmm/m/it on input line 26.
LaTeX Font Info:    ... okay on input line 26.
LaTeX Font Info:    Checking defaults for T1/cmr/m/n on input line 26.
LaTeX Font Info:    ... okay on input line 26.
LaTeX Font Info:    Checking defaults for OT1/cmr/m/n on input line 26.
LaTeX Font Info:    ... okay on input line 26.
LaTeX Font Info:    Checking defaults for OMS/cmsy/m/n on input line 26.
LaTeX Font Info:    ... okay on input line 26.
LaTeX Font Info:    Checking defaults for OMX/cmex/m/n on input line 26.
LaTeX Font Info:    ... okay on input line 26.
LaTeX Font Info:    Checking defaults for U/cmr/m/n on input line 26.
LaTeX Font Info:    ... okay on input line 26.
LaTeX Font Info:    Checking defaults for PD1/pdf/m/n on input line 26.
LaTeX Font Info:    ... okay on input line 26.

("C:\Program Files (x86)\MiKTeX 2.9\tex\context\base\supp-pdf.mkii"
[Loading MPS to PDF converter (version 2006.09.02).]
\scratchcounter=\count98
\scratchdimen=\dimen114
\scratchbox=\box27
\nofMPsegments=\count99
\nofMParguments=\count100
\everyMPshowfont=\toks16
\MPscratchCnt=\count101
\MPscratchDim=\dimen115
\MPnumerator=\count102
\makeMPintoPDFobject=\count103
\everyMPtoPDFconversion=\toks17
)
\AtBeginShipoutBox=\box28
 ("C:\Program Files (x86)\MiKTeX 2.9\tex\latex\graphics\color.sty"
Package: color 2014/10/28 v1.1a Standard LaTeX Color (DPC)

("C:\Program Files (x86)\MiKTeX 2.9\tex\latex\00miktex\color.cfg"
File: color.cfg 2007/01/18 v1.5 color configuration of teTeX/TeXLive
)
Package color Info: Driver file: pdftex.def on input line 142.
)
Package hyperref Info: Link coloring ON on input line 26.

("C:\Program Files (x86)\MiKTeX 2.9\tex\latex\hyperref\nameref.sty"
Package: nameref 2012/10/27 v2.43 Cross-referencing by name of section

("C:\Program Files (x86)\MiKTeX 2.9\tex\generic\oberdiek\gettitlestring.sty"
Package: gettitlestring 2010/12/03 v1.4 Cleanup title references (HO)
)
\c@section@level=\count104
)
LaTeX Info: Redefining \ref on input line 26.
LaTeX Info: Redefining \pageref on input line 26.
LaTeX Info: Redefining \nameref on input line 26.

(Rasd.out) (Rasd.out)
\@outlinefile=\write3
<<<<<<< HEAD
 <Images/polimi_logo.jpg, id=195, 240.9pt x 240.9pt>
=======
 <Images/polimi_logo.jpg, id=223, 240.9pt x 240.9pt>
>>>>>>> origin/master
File: Images/polimi_logo.jpg Graphic file (type jpg)

<use Images/polimi_logo.jpg>
Package pdftex.def Info: Images/polimi_logo.jpg used on input line 29.
(pdftex.def)             Requested size: 240.8994pt x 240.8994pt.
LaTeX Font Info:    External font `cmex10' loaded for size
(Font)              <14.4> on input line 29.
LaTeX Font Info:    External font `cmex10' loaded for size
(Font)              <7> on input line 29.
 [1

{C:/Users/lele/AppData/Local/MiKTeX/2.9/pdftex/config/pdftex.map} <./Images/pol
imi_logo.jpg>] [2] (Rasd.toc
LaTeX Font Info:    External font `cmex10' loaded for size
(Font)              <12> on input line 2.
LaTeX Font Info:    External font `cmex10' loaded for size
(Font)              <8> on input line 2.
LaTeX Font Info:    External font `cmex10' loaded for size
(Font)              <6> on input line 2.
pdfTeX warning (ext4): destination with the same identifier (name{page.1}) has 
been already used, duplicate ignored
<to be read again> 
                   \relax 
l.40 ...ine {5.2.2}Login}{34}{subsubsection.5.2.2}
                                                   [1])
\tf@toc=\write4
pdfTeX warning (ext4): destination with the same identifier (name{page.2}) has 
been already used, duplicate ignored
<to be read again> 
                   \relax 
l.30 \newpage
              [2] (introduction.tex
LaTeX Font Info:    Try loading font information for OMS+cmr on input line 12.

("C:\Program Files (x86)\MiKTeX 2.9\tex\latex\base\omscmr.fd"
File: omscmr.fd 2014/09/29 v2.5h Standard LaTeX font definitions
)
LaTeX Font Info:    Font shape `OMS/cmr/m/n' in size <12> not available
(Font)              Font shape `OMS/cmsy/m/n' tried instead on input line 12.
 [3

] [4])
[5] (Overall_description.tex [6


] [7] [8]) [9] (requirements.tex
<<<<<<< HEAD
<Images/web_vis.png, id=294, 539.01375pt x 402.50375pt>
=======
<Images/web_vis.png, id=329, 539.01375pt x 402.50375pt>
>>>>>>> origin/master
File: Images/web_vis.png Graphic file (type png)

<use Images/web_vis.png>
Package pdftex.def Info: Images/web_vis.png used on input line 10.
(pdftex.def)             Requested size: 409.50119pt x 305.79547pt.

Overfull \hbox (19.50119pt too wide) in paragraph at lines 10--11
 [][] 
 []


Underfull \hbox (badness 10000) in paragraph at lines 7--12

 []

[10


 <./Images/web_vis.png>]
<<<<<<< HEAD
<Images/web_reg.png, id=301, 853.1875pt x 572.1375pt>
=======
<Images/web_reg.png, id=336, 853.1875pt x 572.1375pt>
>>>>>>> origin/master
File: Images/web_reg.png Graphic file (type png)
 <use Images/web_reg.png>
Package pdftex.def Info: Images/web_reg.png used on input line 16.
(pdftex.def)             Requested size: 467.99881pt x 313.8385pt.

Overfull \hbox (77.99881pt too wide) in paragraph at lines 16--17
 [][] 
 []


Underfull \hbox (badness 10000) in paragraph at lines 13--18

 []

[11 <./Images/web_reg.png>]
<<<<<<< HEAD
<Images/web_home1.png, id=308, 591.20876pt x 453.695pt>
=======
<Images/web_home1.png, id=343, 591.20876pt x 453.695pt>
>>>>>>> origin/master
File: Images/web_home1.png Graphic file (type png)

<use Images/web_home1.png>
Package pdftex.def Info: Images/web_home1.png used on input line 23.
(pdftex.def)             Requested size: 467.99881pt x 359.14894pt.

Overfull \hbox (77.99881pt too wide) in paragraph at lines 23--24
 [][] 
 []


Underfull \hbox (badness 10000) in paragraph at lines 20--25

 []

[12 <./Images/web_home1.png>]
<<<<<<< HEAD
<Images/web_home2.png, id=314, 597.23125pt x 472.76625pt>
=======
<Images/web_home2.png, id=349, 597.23125pt x 472.76625pt>
>>>>>>> origin/master
File: Images/web_home2.png Graphic file (type png)

<use Images/web_home2.png>
Package pdftex.def Info: Images/web_home2.png used on input line 30.
(pdftex.def)             Requested size: 467.99881pt x 370.47308pt.

Overfull \hbox (77.99881pt too wide) in paragraph at lines 30--31
 [][] 
 []


Underfull \hbox (badness 10000) in paragraph at lines 27--32

 []

[13 <./Images/web_home2.png>]
<<<<<<< HEAD
<Images/web_req.png, id=320, 742.775pt x 425.59pt>
=======
<Images/web_req.png, id=355, 742.775pt x 425.59pt>
>>>>>>> origin/master
File: Images/web_req.png Graphic file (type png)
 <use Images/web_req.png>
Package pdftex.def Info: Images/web_req.png used on input line 37.
(pdftex.def)             Requested size: 467.99881pt x 268.15558pt.

Overfull \hbox (77.99881pt too wide) in paragraph at lines 37--38
 [][] 
 []


Underfull \hbox (badness 10000) in paragraph at lines 34--39

 []

[14 <./Images/web_req.png>]
<<<<<<< HEAD
<Images/web_res1.png, id=326, 530.98375pt x 455.7025pt>
=======
<Images/web_res1.png, id=361, 530.98375pt x 455.7025pt>
>>>>>>> origin/master
File: Images/web_res1.png Graphic file (type png)

<use Images/web_res1.png>
Package pdftex.def Info: Images/web_res1.png used on input line 44.
(pdftex.def)             Requested size: 467.99881pt x 401.65219pt.

Overfull \hbox (77.99881pt too wide) in paragraph at lines 44--45
 [][] 
 []


Underfull \hbox (badness 10000) in paragraph at lines 41--46

 []

[15 <./Images/web_res1.png>]
<<<<<<< HEAD
<Images/web_res2.png, id=332, 539.01375pt x 633.36626pt>
=======
<Images/web_res2.png, id=367, 539.01375pt x 633.36626pt>
>>>>>>> origin/master
File: Images/web_res2.png Graphic file (type png)

<use Images/web_res2.png>
Package pdftex.def Info: Images/web_res2.png used on input line 51.
(pdftex.def)             Requested size: 390.0pt x 458.27516pt.

Underfull \hbox (badness 10000) in paragraph at lines 48--53

 []

[16 <./Images/web_res2.png>]
<<<<<<< HEAD
<Images/web_share.png, id=338, 519.9425pt x 532.99126pt>
=======
<Images/web_share.png, id=373, 519.9425pt x 532.99126pt>
>>>>>>> origin/master
File: Images/web_share.png Graphic file (type png)

<use Images/web_share.png>
Package pdftex.def Info: Images/web_share.png used on input line 58.
(pdftex.def)             Requested size: 429.00238pt x 439.76389pt.

Overfull \hbox (39.00238pt too wide) in paragraph at lines 58--59
 [][] 
 []


Underfull \hbox (badness 10000) in paragraph at lines 55--60

 []

[17 <./Images/web_share.png>]
<<<<<<< HEAD
<Images/mob_visit.png, id=345, 495.35063pt x 373.395pt>
=======
<Images/mob_visit.png, id=380, 495.35063pt x 373.395pt>
>>>>>>> origin/master
File: Images/mob_visit.png Graphic file (type png)

<use Images/mob_visit.png>
Package pdftex.def Info: Images/mob_visit.png used on input line 71.
(pdftex.def)             Requested size: 507.00119pt x 382.17969pt.

Overfull \hbox (117.00119pt too wide) in paragraph at lines 71--72
 [][] 
 []


Underfull \hbox (badness 10000) in paragraph at lines 68--73

 []


Underfull \hbox (badness 10000) in paragraph at lines 68--73

 []

[18 <./Images/mob_visit.png>]
<<<<<<< HEAD
<Images/mob_home1.png, id=351, 436.63126pt x 373.395pt>
=======
<Images/mob_home1.png, id=386, 436.63126pt x 373.395pt>
>>>>>>> origin/master
File: Images/mob_home1.png Graphic file (type png)

<use Images/mob_home1.png>
Package pdftex.def Info: Images/mob_home1.png used on input line 79.
(pdftex.def)             Requested size: 467.99881pt x 400.2238pt.

Overfull \hbox (77.99881pt too wide) in paragraph at lines 79--80
 [][] 
 []


Underfull \hbox (badness 10000) in paragraph at lines 75--81

 []

[19 <./Images/mob_home1.png>]
<<<<<<< HEAD
<Images/mob_req.png, id=357, 485.815pt x 497.86pt>
=======
<Images/mob_req.png, id=392, 485.815pt x 497.86pt>
>>>>>>> origin/master
File: Images/mob_req.png Graphic file (type png)
 <use Images/mob_req.png>
Package pdftex.def Info: Images/mob_req.png used on input line 86.
(pdftex.def)             Requested size: 390.0pt x 399.66354pt.

Underfull \hbox (badness 10000) in paragraph at lines 83--88

 []

[20 <./Images/mob_req.png>]
<<<<<<< HEAD
<Images/mob_reg.png, id=363, 283.0575pt x 497.86pt>
=======
<Images/mob_reg.png, id=398, 283.0575pt x 497.86pt>
>>>>>>> origin/master
File: Images/mob_reg.png Graphic file (type png)
 <use Images/mob_reg.png>
Package pdftex.def Info: Images/mob_reg.png used on input line 96.
(pdftex.def)             Requested size: 253.49762pt x 445.882pt.

Underfull \hbox (badness 10000) in paragraph at lines 92--98

 []

[21 <./Images/mob_reg.png>]
<<<<<<< HEAD
<Images/mob_res.png, id=369, 291.0875pt x 502.87875pt>
=======
<Images/mob_res.png, id=404, 291.0875pt x 502.87875pt>
>>>>>>> origin/master
File: Images/mob_res.png Graphic file (type png)

<use Images/mob_res.png>
Package pdftex.def Info: Images/mob_res.png used on input line 104.
(pdftex.def)             Requested size: 265.19714pt x 458.1882pt.
 [22 <./Images/mob_res.png>]
<<<<<<< HEAD
<Images/mob_res2.png, id=375, 615.29875pt x 497.86pt>
=======
<Images/mob_res2.png, id=410, 615.29875pt x 497.86pt>
>>>>>>> origin/master
File: Images/mob_res2.png Graphic file (type png)

<use Images/mob_res2.png>
Package pdftex.def Info: Images/mob_res2.png used on input line 111.
(pdftex.def)             Requested size: 467.99881pt x 378.6814pt.

Overfull \hbox (77.99881pt too wide) in paragraph at lines 111--112
 [][] 
 []


Underfull \hbox (badness 10000) in paragraph at lines 108--113

 []

[23 <./Images/mob_res2.png>]
<<<<<<< HEAD
<Images/mob_share.png, id=382, 548.0475pt x 502.87875pt>
=======
<Images/mob_share.png, id=417, 548.0475pt x 502.87875pt>
>>>>>>> origin/master
File: Images/mob_share.png Graphic file (type png)

<use Images/mob_share.png>
Package pdftex.def Info: Images/mob_share.png used on input line 119.
(pdftex.def)             Requested size: 390.0pt x 357.85977pt.

Underfull \hbox (badness 10000) in paragraph at lines 116--121

 []

[24 <./Images/mob_share.png>]
<<<<<<< HEAD
<Images/mob_d.png, id=388, 478.78876pt x 497.86pt>
=======
<Images/mob_d.png, id=423, 478.78876pt x 497.86pt>
>>>>>>> origin/master
File: Images/mob_d.png Graphic file (type png)
 <use Images/mob_d.png>
Package pdftex.def Info: Images/mob_d.png used on input line 133.
(pdftex.def)             Requested size: 429.00238pt x 446.09471pt.

Overfull \hbox (39.00238pt too wide) in paragraph at lines 133--134
 [][] 
 []


Underfull \hbox (badness 10000) in paragraph at lines 130--135

 []

[25 <./Images/mob_d.png>]
<<<<<<< HEAD
<Images/mob_d_req.png, id=394, 283.0575pt x 497.86pt>
=======
<Images/mob_d_req.png, id=429, 283.0575pt x 497.86pt>
>>>>>>> origin/master
File: Images/mob_d_req.png Graphic file (type png)

<use Images/mob_d_req.png>
Package pdftex.def Info: Images/mob_d_req.png used on input line 139.
(pdftex.def)             Requested size: 253.49762pt x 445.882pt.

Underfull \hbox (badness 10000) in paragraph at lines 136--141

 []

[26 <./Images/mob_d_req.png>]
Overfull \hbox (0.9489pt too wide) in paragraph at lines 174--175
[]\OT1/cmr/m/n/12 Passenger does not have a re-served ride oc-cur-ring within t
hirty
 []

[27] [28] [29]) [30] (scenario.tex [31


]) [32] (uml.tex
<<<<<<< HEAD
<Images/class_diagram.jpg, id=436, 886.31125pt x 894.34125pt>
=======
Overfull \hbox (3.88582pt too wide) in paragraph at lines 5--30
[]
 []

[33


]
Overfull \hbox (3.88582pt too wide) in paragraph at lines 33--57
[]
 []

[34]
Overfull \hbox (3.88582pt too wide) in paragraph at lines 60--84
[]
 []

[35]
Overfull \hbox (3.88582pt too wide) in paragraph at lines 87--113
[]
 []

[36]
Overfull \hbox (3.88582pt too wide) in paragraph at lines 116--141
[]
 []

[37]
Overfull \hbox (3.88582pt too wide) in paragraph at lines 144--167
[]
 []

[38]
Overfull \hbox (3.88582pt too wide) in paragraph at lines 170--193
[]
 []

[39]
Overfull \hbox (3.88582pt too wide) in paragraph at lines 196--219
[]
 []

[40]
Overfull \hbox (3.88582pt too wide) in paragraph at lines 222--245
[]
 []

[41] <Images/class_diagram.jpg, id=509, 1110.1475pt x 658.46pt>
>>>>>>> origin/master
File: Images/class_diagram.jpg Graphic file (type jpg)

<use Images/class_diagram.jpg>
Package pdftex.def Info: Images/class_diagram.jpg used on input line 250.
(pdftex.def)             Requested size: 390.0pt x 231.31847pt.

Overfull \hbox (18.27759pt too wide) in paragraph at lines 250--251
 []\OT1/cmr/m/n/12 ++[] 
 []

<<<<<<< HEAD
[33


 <./Images/class_diagram.jpg>]
<Images/Request.jpg, id=441, 862.22125pt x 163.61125pt>
=======
[42 <./Images/class_diagram.jpg>]
<Images/Request.jpg, id=514, 862.22125pt x 163.61125pt>
>>>>>>> origin/master
File: Images/Request.jpg Graphic file (type jpg)

<use Images/Request.jpg>
Package pdftex.def Info: Images/Request.jpg used on input line 258.
(pdftex.def)             Requested size: 390.0pt x 74.00385pt.

Overfull \hbox (18.27759pt too wide) in paragraph at lines 258--259
 []\OT1/cmr/m/n/12 ++[] 
 []

<<<<<<< HEAD
<Images/reservation.jpg, id=442, 1479.5275pt x 523.9575pt>
=======
<Images/reservation.jpg, id=515, 1479.5275pt x 523.9575pt>
>>>>>>> origin/master
File: Images/reservation.jpg Graphic file (type jpg)

<use Images/reservation.jpg>
Package pdftex.def Info: Images/reservation.jpg used on input line 264.
(pdftex.def)             Requested size: 390.0pt x 138.11253pt.

Overfull \hbox (18.27759pt too wide) in paragraph at lines 264--265
 []\OT1/cmr/m/n/12 ++[] 
 []

<<<<<<< HEAD
[34 <./Images/Request.jpg> <./Images/reservation.jpg>]
<Images/taxidriver_statechart.jpg, id=449, 822.07124pt x 498.86375pt>
=======
[43 <./Images/Request.jpg> <./Images/reservation.jpg>]
<Images/taxidriver_statechart.jpg, id=522, 822.07124pt x 498.86375pt>
>>>>>>> origin/master
File: Images/taxidriver_statechart.jpg Graphic file (type jpg)

<use Images/taxidriver_statechart.jpg>
Package pdftex.def Info: Images/taxidriver_statechart.jpg used on input line 27
0.
(pdftex.def)             Requested size: 390.0pt x 236.66588pt.

Overfull \hbox (18.27759pt too wide) in paragraph at lines 270--271
 []\OT1/cmr/m/n/12 ++[] 
 []

<<<<<<< HEAD
) [35 <./Images/taxidriver_statechart.jpg>] (alloy.tex
<Images/Sig.png, id=456, 277.78781pt x 377.91188pt>
=======
) [44 <./Images/taxidriver_statechart.jpg>] (alloy.tex
<Images/Sig.png, id=528, 277.78781pt x 377.91188pt>
>>>>>>> origin/master
File: Images/Sig.png Graphic file (type png)
 <use Images/Sig.png>
Package pdftex.def Info: Images/Sig.png used on input line 8.
(pdftex.def)             Requested size: 215.00356pt x 292.5pt.

[45


<<<<<<< HEAD
 <./Images/Sig.png>] <Images/Facts.png, id=462, 624.83438pt x 375.65344pt>
=======
 <./Images/Sig.png>] <Images/Facts.png, id=534, 624.83438pt x 375.65344pt>
>>>>>>> origin/master
File: Images/Facts.png Graphic file (type png)

<use Images/Facts.png>
Package pdftex.def Info: Images/Facts.png used on input line 16.
(pdftex.def)             Requested size: 421.6592pt x 253.49762pt.

Overfull \hbox (31.6592pt too wide) in paragraph at lines 16--17
 [][] 
 []

<<<<<<< HEAD
[37 <./Images/Facts.png>] <Images/Assert.png, id=468, 614.295pt x 164.11313pt>
=======
[46 <./Images/Facts.png>] <Images/Assert.png, id=540, 614.295pt x 164.11313pt>
>>>>>>> origin/master
File: Images/Assert.png Graphic file (type png)

<use Images/Assert.png>
Package pdftex.def Info: Images/Assert.png used on input line 23.
(pdftex.def)             Requested size: 507.00119pt x 135.45007pt.

Overfull \hbox (117.00119pt too wide) in paragraph at lines 23--24
 [][] 
 []

<<<<<<< HEAD
[38 <./Images/Assert.png>]
<Images/Predicates.png, id=474, 431.36156pt x 469.00218pt>
=======
[47 <./Images/Assert.png>]
<Images/Predicates.png, id=547, 431.36156pt x 469.00218pt>
>>>>>>> origin/master
File: Images/Predicates.png Graphic file (type png)

<use Images/Predicates.png>
Package pdftex.def Info: Images/Predicates.png used on input line 30.
(pdftex.def)             Requested size: 390.0pt x 424.0446pt.
<<<<<<< HEAD
 [39 <./Images/Predicates.png>]
<Images/Show.png, id=479, 1403.99532pt x 660.21657pt>
=======
 [48 <./Images/Predicates.png>]
<Images/Show.png, id=552, 1403.99532pt x 660.21657pt>
>>>>>>> origin/master
File: Images/Show.png Graphic file (type png)
 <use Images/Show.png>
Package pdftex.def Info: Images/Show.png used on input line 38.
(pdftex.def)             Requested size: 390.0pt x 183.38855pt.

<<<<<<< HEAD
[40 <./Images/Show.png>]
<Images/ShowShared.png, id=485, 895.84688pt x 511.15968pt>
=======
[49 <./Images/Show.png>]
<Images/ShowShared.png, id=558, 895.84688pt x 511.15968pt>
>>>>>>> origin/master
File: Images/ShowShared.png Graphic file (type png)

<use Images/ShowShared.png>
Package pdftex.def Info: Images/ShowShared.png used on input line 45.
(pdftex.def)             Requested size: 390.0pt x 222.52425pt.
<<<<<<< HEAD
 [41 <./Images/ShowShared.png>]
<Images/ShowRides.png, id=492, 1245.9047pt x 552.56438pt>
=======
 [50 <./Images/ShowShared.png>]
<Images/ShowRides.png, id=564, 1245.9047pt x 552.56438pt>
>>>>>>> origin/master
File: Images/ShowRides.png Graphic file (type png)

<use Images/ShowRides.png>
Package pdftex.def Info: Images/ShowRides.png used on input line 51.
(pdftex.def)             Requested size: 390.0pt x 172.9626pt.
<<<<<<< HEAD
 [42 <./Images/ShowRides.png>]) (appendix.tex)
[43
=======
 [51 <./Images/ShowRides.png>]) (tools.tex) [52
>>>>>>> origin/master


]
Package atveryend Info: Empty hook `BeforeClearDocument' on input line 46.
Package atveryend Info: Empty hook `AfterLastShipout' on input line 46.
 (Rasd.aux (introduction.aux) (Overall_description.aux) (requirements.aux)
(scenario.aux) (uml.aux) (alloy.aux) (appendix.aux))
Package atveryend Info: Executing hook `AtVeryEndDocument' on input line 46.
Package atveryend Info: Executing hook `AtEndAfterFileList' on input line 46.
Package rerunfilecheck Info: File `Rasd.out' has not changed.
<<<<<<< HEAD
(rerunfilecheck)             Checksum: 9ED9527ED70E5AA826F9E1BC0A7F14E4;3371.
Package atveryend Info: Empty hook `AtVeryVeryEnd' on input line 46.
 ) 
Here is how much of TeX's memory you used:
 5642 strings out of 493673
 83773 string characters out of 3141532
 169385 words of memory out of 3000000
 8785 multiletter control sequences out of 15000+200000
 9284 words of font info for 33 fonts, out of 3000000 for 9000
 1025 hyphenation exceptions out of 8191
 29i,7n,33p,1213b,500s stack positions out of 5000i,500n,10000p,200000b,50000s
<C:/Program Files (x86)/MiKTeX 2.9/fonts/type1/public/amsfonts/cm/cmbx12.pfb>
<C:/Program Files (x86)/MiKTeX 2.9/fonts/type1/public/amsfonts/cm/cmr12.pfb><C:
/Program Files (x86)/MiKTeX 2.9/fonts/type1/public/amsfonts/cm/cmr17.pfb><C:/Pr
ogram Files (x86)/MiKTeX 2.9/fonts/type1/public/amsfonts/cm/cmsy10.pfb><C:/Prog
ram Files (x86)/MiKTeX 2.9/fonts/type1/public/amsfonts/cm/cmtt12.pfb>
Output written on Rasd.pdf (45 pages, 1688088 bytes).
PDF statistics:
 552 PDF objects out of 1000 (max. 8388607)
 108 named destinations out of 1000 (max. 500000)
 530 words of extra memory for PDF output out of 10000 (max. 10000000)
=======
(rerunfilecheck)             Checksum: 3D1D2FEF6594D2B1CD02C7C75CA214FE;3941.
Package atveryend Info: Empty hook `AtVeryVeryEnd' on input line 46.
 ) 
Here is how much of TeX's memory you used:
 5663 strings out of 493698
 83691 string characters out of 3144382
 169096 words of memory out of 3000000
 8768 multiletter control sequences out of 15000+200000
 9115 words of font info for 32 fonts, out of 3000000 for 9000
 1025 hyphenation exceptions out of 8191
 29i,9n,33p,1213b,500s stack positions out of 5000i,500n,10000p,200000b,50000s
<C:/Program Files/MiKTeX 2.9/fonts/type1/public/amsfonts/cm/cmbx12.pfb><C:/Pr
ogram Files/MiKTeX 2.9/fonts/type1/public/amsfonts/cm/cmr12.pfb><C:/Program Fil
es/MiKTeX 2.9/fonts/type1/public/amsfonts/cm/cmr17.pfb><C:/Program Files/MiKTeX
 2.9/fonts/type1/public/amsfonts/cm/cmsy10.pfb>
Output written on Rasd.pdf (54 pages, 1691360 bytes).
PDF statistics:
 618 PDF objects out of 1000 (max. 8388607)
 124 named destinations out of 1000 (max. 500000)
 586 words of extra memory for PDF output out of 10000 (max. 10000000)
>>>>>>> origin/master

